<?xml version="1.0" encoding="UTF-8"?>
<testsuite xmlns:xsi="http://www.w3.org/2001/XMLSchema-instance" xsi:noNamespaceSchemaLocation="https://maven.apache.org/surefire/maven-surefire-plugin/xsd/surefire-test-report-3.0.xsd" version="3.0" name="br.com.lts.desafio.cadcli.integrationTests.ValidacaoIntegracaoRepositorioTest" time="1.017" tests="2" errors="0" skipped="0" failures="0">
  <properties>
[...]
</properties>
  <testcase name="validarCadastroDeClienteComPesquisa" classname="br.com.lts.desafio.cadcli.integrationTests.ValidacaoIntegracaoRepositorioTest" time="0.195">
    <system-out><![CDATA[2024-05-05T08:43:42.141-03:00  INFO 8468 --- [cadastro-clientes] [           main] [                                                 ] t.c.s.AnnotationConfigContextLoaderUtils : Could not detect default configuration classes for test class [br.com.lts.desafio.cadcli.integrationTests.ValidacaoIntegracaoRepositorioTest]: ValidacaoIntegracaoRepositorioTest does not declare any static, non-private, non-final, nested classes annotated with @Configuration.
2024-05-05T08:43:42.191-03:00  INFO 8468 --- [cadastro-clientes] [           main] [                                                 ] .b.t.c.SpringBootTestContextBootstrapper : Found @SpringBootConfiguration br.com.lts.desafio.cadcli.CadastroClientesApplication for test class br.com.lts.desafio.cadcli.integrationTests.ValidacaoIntegracaoRepositorioTest

  .   ____          _            __ _ _
 /\\ / ___'_ __ _ _(_)_ __  __ _ \ \ \ \
( ( )\___ | '_ | '_| | '_ \/ _` | \ \ \ \
 \\/  ___)| |_)| | | | | || (_| |  ) ) ) )
  '  |____| .__|_| |_|_| |_\__, | / / / /
 =========|_|==============|___/=/_/_/_/
 :: Spring Boot ::                (v3.2.5)

2024-05-05T08:43:42.342-03:00  INFO 8468 --- [cadastro-clientes] [           main] [                                                 ] d.c.i.ValidacaoIntegracaoRepositorioTest : Starting ValidacaoIntegracaoRepositorioTest using Java 17.0.10 with PID 8468 (started by andre in C:\RepoJ\joias-figure)
2024-05-05T08:43:42.343-03:00  INFO 8468 --- [cadastro-clientes] [           main] [                                                 ] d.c.i.ValidacaoIntegracaoRepositorioTest : The following 1 profile is active: "test"
2024-05-05T08:43:42.531-03:00  INFO 8468 --- [cadastro-clientes] [           main] [                                                 ] .s.d.r.c.RepositoryConfigurationDelegate : Bootstrapping Spring Data JPA repositories in DEFAULT mode.
2024-05-05T08:43:42.560-03:00  INFO 8468 --- [cadastro-clientes] [           main] [                                                 ] .s.d.r.c.RepositoryConfigurationDelegate : Finished Spring Data repository scanning in 28 ms. Found 4 JPA repository interfaces.
2024-05-05T08:43:42.585-03:00  INFO 8468 --- [cadastro-clientes] [           main] [                                                 ] beddedDataSourceBeanFactoryPostProcessor : Replacing 'dataSource' DataSource bean with embedded version
2024-05-05T08:43:42.632-03:00  INFO 8468 --- [cadastro-clientes] [           main] [                                                 ] o.s.j.d.e.EmbeddedDatabaseFactory        : Starting embedded database: url='jdbc:h2:mem:7e9f4800-9d53-453c-a643-e73103dd3a4a;DB_CLOSE_DELAY=-1;DB_CLOSE_ON_EXIT=false', username='sa'
2024-05-05T08:43:42.670-03:00  INFO 8468 --- [cadastro-clientes] [           main] [                                                 ] o.hibernate.jpa.internal.util.LogHelper  : HHH000204: Processing PersistenceUnitInfo [name: default]
2024-05-05T08:43:42.676-03:00  INFO 8468 --- [cadastro-clientes] [           main] [                                                 ] o.h.c.internal.RegionFactoryInitiator    : HHH000026: Second-level cache disabled
2024-05-05T08:43:42.686-03:00  INFO 8468 --- [cadastro-clientes] [           main] [                                                 ] o.s.o.j.p.SpringPersistenceUnitInfo      : No LoadTimeWeaver setup: ignoring JPA class transformer
2024-05-05T08:43:42.690-03:00  WARN 8468 --- [cadastro-clientes] [           main] [                                                 ] org.hibernate.orm.deprecation            : HHH90000025: H2Dialect does not need to be specified explicitly using 'hibernate.dialect' (remove the property setting and it will be selected by default)
2024-05-05T08:43:42.826-03:00  INFO 8468 --- [cadastro-clientes] [           main] [                                                 ] o.h.e.t.j.p.i.JtaPlatformInitiator       : HHH000489: No JTA platform available (set 'hibernate.transaction.jta.platform' to enable JTA platform integration)
Hibernate: create table tb_cliente (codigo_cliente varchar(255) not null, cliente_esta_ativo boolean not null, cpf_cliente varchar(255), email_cliente varchar(255), fone_cliente varchar(255), nome_cliente varchar(255), rg_cliente varchar(255), primary key (codigo_cliente))
Hibernate: create table tb_item_pedido (codigo_item_pedido bigint generated by default as identity, codigo_pedido bigint, codigo_produto bigint, quantidade integer not null, primary key (codigo_item_pedido))
Hibernate: create table tb_pedido (codigo_pedido bigint generated by default as identity, codigo_cliente varchar(255), codigo_status_pedido integer not null, data_atualizacao date, data_cadastro date, valor_total_pedido float(53) not null, primary key (codigo_pedido))
Hibernate: create table tb_produto (codigo_produto bigint generated by default as identity, nome_produto varchar(255), preco_produto float(53) not null, primary key (codigo_produto))
Hibernate: create table tb_status_pedido (codigo_status_pedido integer generated by default as identity, descricao_status_pedido varchar(255), primary key (codigo_status_pedido))
2024-05-05T08:43:42.834-03:00  INFO 8468 --- [cadastro-clientes] [           main] [                                                 ] j.LocalContainerEntityManagerFactoryBean : Initialized JPA EntityManagerFactory for persistence unit 'default'
2024-05-05T08:43:42.936-03:00  INFO 8468 --- [cadastro-clientes] [           main] [                                                 ] d.c.i.ValidacaoIntegracaoRepositorioTest : Started ValidacaoIntegracaoRepositorioTest in 0.737 seconds (process running for 10.126)
Hibernate: insert into tb_cliente (cliente_esta_ativo,cpf_cliente,email_cliente,fone_cliente,nome_cliente,rg_cliente,codigo_cliente) values (?,?,?,?,?,?,?)
]]></system-out>
  </testcase>
  <testcase name="validarCadastroDeCliente" classname="br.com.lts.desafio.cadcli.integrationTests.ValidacaoIntegracaoRepositorioTest" time="0.008">
    <system-out><![CDATA[Hibernate: insert into tb_cliente (cliente_esta_ativo,cpf_cliente,email_cliente,fone_cliente,nome_cliente,rg_cliente,codigo_cliente) values (?,?,?,?,?,?,?)
]]></system-out>
  </testcase>
</testsuite>