<?xml version="1.0" encoding="UTF-8"?>
<testsuite xmlns:xsi="http://www.w3.org/2001/XMLSchema-instance" xsi:noNamespaceSchemaLocation="https://maven.apache.org/surefire/maven-surefire-plugin/xsd/surefire-test-report-3.0.xsd" version="3.0" name="br.com.lts.desafio.cadcli.CadastroClientesApplicationTests" time="7.682" tests="1" errors="0" skipped="0" failures="0">
  <properties>
[...]
</properties>
  <testcase name="contextLoads" classname="br.com.lts.desafio.cadcli.CadastroClientesApplicationTests" time="0.565">
    <system-out><![CDATA[08:43:33.571 [main] INFO org.springframework.test.context.support.AnnotationConfigContextLoaderUtils -- Could not detect default configuration classes for test class [br.com.lts.desafio.cadcli.CadastroClientesApplicationTests]: CadastroClientesApplicationTests does not declare any static, non-private, non-final, nested classes annotated with @Configuration.
08:43:33.657 [main] INFO org.springframework.boot.test.context.SpringBootTestContextBootstrapper -- Found @SpringBootConfiguration br.com.lts.desafio.cadcli.CadastroClientesApplication for test class br.com.lts.desafio.cadcli.CadastroClientesApplicationTests

  .   ____          _            __ _ _
 /\\ / ___'_ __ _ _(_)_ __  __ _ \ \ \ \
( ( )\___ | '_ | '_| | '_ \/ _` | \ \ \ \
 \\/  ___)| |_)| | | | | || (_| |  ) ) ) )
  '  |____| .__|_| |_|_| |_\__, | / / / /
 =========|_|==============|___/=/_/_/_/
 :: Spring Boot ::                (v3.2.5)

2024-05-05T08:43:34.188-03:00  INFO 8468 --- [cadastro-clientes] [           main] [                                                 ] c.l.d.c.CadastroClientesApplicationTests : Starting CadastroClientesApplicationTests using Java 17.0.10 with PID 8468 (started by andre in C:\RepoJ\joias-figure)
2024-05-05T08:43:34.191-03:00  INFO 8468 --- [cadastro-clientes] [           main] [                                                 ] c.l.d.c.CadastroClientesApplicationTests : The following 1 profile is active: "test"
2024-05-05T08:43:35.350-03:00  INFO 8468 --- [cadastro-clientes] [           main] [                                                 ] .s.d.r.c.RepositoryConfigurationDelegate : Bootstrapping Spring Data JPA repositories in DEFAULT mode.
2024-05-05T08:43:35.433-03:00  INFO 8468 --- [cadastro-clientes] [           main] [                                                 ] .s.d.r.c.RepositoryConfigurationDelegate : Finished Spring Data repository scanning in 73 ms. Found 4 JPA repository interfaces.
2024-05-05T08:43:35.652-03:00  INFO 8468 --- [cadastro-clientes] [           main] [                                                 ] o.s.cloud.context.scope.GenericScope     : BeanFactory id=8098a7dc-3b30-3225-a761-7945be7a914c
2024-05-05T08:43:36.193-03:00  INFO 8468 --- [cadastro-clientes] [           main] [                                                 ] o.hibernate.jpa.internal.util.LogHelper  : HHH000204: Processing PersistenceUnitInfo [name: default]
2024-05-05T08:43:36.266-03:00  INFO 8468 --- [cadastro-clientes] [           main] [                                                 ] org.hibernate.Version                    : HHH000412: Hibernate ORM core version 6.4.4.Final
2024-05-05T08:43:36.313-03:00  INFO 8468 --- [cadastro-clientes] [           main] [                                                 ] o.h.c.internal.RegionFactoryInitiator    : HHH000026: Second-level cache disabled
2024-05-05T08:43:36.682-03:00  INFO 8468 --- [cadastro-clientes] [           main] [                                                 ] o.s.o.j.p.SpringPersistenceUnitInfo      : No LoadTimeWeaver setup: ignoring JPA class transformer
2024-05-05T08:43:36.716-03:00  INFO 8468 --- [cadastro-clientes] [           main] [                                                 ] com.zaxxer.hikari.HikariDataSource       : HikariPool-1 - Starting...
2024-05-05T08:43:36.919-03:00  INFO 8468 --- [cadastro-clientes] [           main] [                                                 ] com.zaxxer.hikari.pool.HikariPool        : HikariPool-1 - Added connection conn0: url=jdbc:h2:mem:testdb user=SA
2024-05-05T08:43:36.920-03:00  INFO 8468 --- [cadastro-clientes] [           main] [                                                 ] com.zaxxer.hikari.HikariDataSource       : HikariPool-1 - Start completed.
2024-05-05T08:43:36.945-03:00  WARN 8468 --- [cadastro-clientes] [           main] [                                                 ] org.hibernate.orm.deprecation            : HHH90000025: H2Dialect does not need to be specified explicitly using 'hibernate.dialect' (remove the property setting and it will be selected by default)
2024-05-05T08:43:37.749-03:00  INFO 8468 --- [cadastro-clientes] [           main] [                                                 ] o.h.e.t.j.p.i.JtaPlatformInitiator       : HHH000489: No JTA platform available (set 'hibernate.transaction.jta.platform' to enable JTA platform integration)
Hibernate: create table tb_cliente (codigo_cliente varchar(255) not null, cliente_esta_ativo boolean not null, cpf_cliente varchar(255), email_cliente varchar(255), fone_cliente varchar(255), nome_cliente varchar(255), rg_cliente varchar(255), primary key (codigo_cliente))
Hibernate: create table tb_item_pedido (codigo_item_pedido bigint generated by default as identity, codigo_pedido bigint, codigo_produto bigint, quantidade integer not null, primary key (codigo_item_pedido))
Hibernate: create table tb_pedido (codigo_pedido bigint generated by default as identity, codigo_cliente varchar(255), codigo_status_pedido integer not null, data_atualizacao date, data_cadastro date, valor_total_pedido float(53) not null, primary key (codigo_pedido))
Hibernate: create table tb_produto (codigo_produto bigint generated by default as identity, nome_produto varchar(255), preco_produto float(53) not null, primary key (codigo_produto))
Hibernate: create table tb_status_pedido (codigo_status_pedido integer generated by default as identity, descricao_status_pedido varchar(255), primary key (codigo_status_pedido))
2024-05-05T08:43:37.810-03:00  INFO 8468 --- [cadastro-clientes] [           main] [                                                 ] j.LocalContainerEntityManagerFactoryBean : Initialized JPA EntityManagerFactory for persistence unit 'default'
2024-05-05T08:43:38.709-03:00  WARN 8468 --- [cadastro-clientes] [           main] [                                                 ] JpaBaseConfiguration$JpaWebConfiguration : spring.jpa.open-in-view is enabled by default. Therefore, database queries may be performed during view rendering. Explicitly configure spring.jpa.open-in-view to disable this warning
2024-05-05T08:43:40.360-03:00  INFO 8468 --- [cadastro-clientes] [           main] [                                                 ] o.s.b.a.e.web.EndpointLinksResolver      : Exposing 1 endpoint(s) beneath base path '/actuator'
2024-05-05T08:43:40.458-03:00  INFO 8468 --- [cadastro-clientes] [           main] [                                                 ] c.l.d.c.CadastroClientesApplicationTests : Started CadastroClientesApplicationTests in 6.639 seconds (process running for 7.647)
]]></system-out>
  </testcase>
</testsuite>